2024-07-20 00:01:37,249 - FuelPriceFetcher_Applegreen UK - ERROR - Error saving data for Applegreen UK: name 'unicode' is not defined
2024-07-20 00:01:37,249 - FuelPriceFetcher_Applegreen UK - INFO - Successfully fetched data for Applegreen UK
2024-07-20 00:01:37,491 - FuelPriceFetcher_Ascona Group - ERROR - Error saving data for Ascona Group: name 'unicode' is not defined
2024-07-20 00:01:37,491 - FuelPriceFetcher_Ascona Group - INFO - Successfully fetched data for Ascona Group
2024-07-20 00:01:37,624 - FuelPriceFetcher_ASDA - ERROR - Error saving data for ASDA: name 'unicode' is not defined
2024-07-20 00:01:37,624 - FuelPriceFetcher_ASDA - INFO - Successfully fetched data for ASDA
2024-07-20 00:01:37,811 - FuelPriceFetcher_BP - ERROR - Error saving data for BP: name 'unicode' is not defined
2024-07-20 00:01:37,811 - FuelPriceFetcher_BP - INFO - Successfully fetched data for BP
2024-07-20 00:01:37,913 - FuelPriceFetcher_Esso - ERROR - Error saving data for Esso: name 'unicode' is not defined
2024-07-20 00:01:37,913 - FuelPriceFetcher_Esso - INFO - Successfully fetched data for Esso
2024-07-20 00:01:38,026 - FuelPriceFetcher_JET Retail UK - ERROR - Error saving data for JET Retail UK: name 'unicode' is not defined
2024-07-20 00:01:38,026 - FuelPriceFetcher_JET Retail UK - INFO - Successfully fetched data for JET Retail UK
2024-07-20 00:01:38,181 - FuelPriceFetcher_Morrisons - ERROR - Error saving data for Morrisons: name 'unicode' is not defined
2024-07-20 00:01:38,181 - FuelPriceFetcher_Morrisons - INFO - Successfully fetched data for Morrisons
2024-07-20 00:01:38,324 - FuelPriceFetcher_Moto - ERROR - Error saving data for Moto: name 'unicode' is not defined
2024-07-20 00:01:38,324 - FuelPriceFetcher_Moto - INFO - Successfully fetched data for Moto
2024-07-20 00:01:38,691 - FuelPriceFetcher_Motor Fuel Group - ERROR - Error saving data for Motor Fuel Group: name 'unicode' is not defined
2024-07-20 00:01:38,691 - FuelPriceFetcher_Motor Fuel Group - INFO - Successfully fetched data for Motor Fuel Group
2024-07-20 00:01:42,776 - FuelPriceFetcher_Rontec - ERROR - Error fetching data for Rontec: HTTPSConnectionPool(host='www.rontec-servicestations.co.uk', port=443): Max retries exceeded with url: /fuel-prices/data/fuel_prices_data.json (Caused by NewConnectionError('<urllib3.connection.HTTPSConnection object at 0x11bb44d70>: Failed to establish a new connection: [Errno 51] Network is unreachable'))
2024-07-20 00:01:42,921 - FuelPriceFetcher_Sainsburys - ERROR - Error saving data for Sainsburys: name 'unicode' is not defined
2024-07-20 00:01:42,922 - FuelPriceFetcher_Sainsburys - INFO - Successfully fetched data for Sainsburys
2024-07-20 00:01:43,126 - FuelPriceFetcher_SGN - ERROR - Error saving data for SGN: name 'unicode' is not defined
2024-07-20 00:01:43,126 - FuelPriceFetcher_SGN - INFO - Successfully fetched data for SGN
2024-07-20 00:01:43,646 - FuelPriceFetcher_Shell - ERROR - Error saving data for Shell: name 'unicode' is not defined
2024-07-20 00:01:43,646 - FuelPriceFetcher_Shell - INFO - Successfully fetched data for Shell
2024-07-20 00:01:43,829 - FuelPriceFetcher_Tesco - ERROR - Error saving data for Tesco: name 'unicode' is not defined
2024-07-20 00:01:43,829 - FuelPriceFetcher_Tesco - INFO - Successfully fetched data for Tesco
2024-07-20 00:04:40,491 - FuelPriceFetcher_Applegreen UK - ERROR - Error saving data for Applegreen UK: name 'unicode' is not defined
2024-07-20 00:04:40,491 - FuelPriceFetcher_Applegreen UK - INFO - Successfully fetched data for Applegreen UK
2024-07-20 00:04:40,651 - FuelPriceFetcher_Ascona Group - ERROR - Error saving data for Ascona Group: name 'unicode' is not defined
2024-07-20 00:04:40,652 - FuelPriceFetcher_Ascona Group - INFO - Successfully fetched data for Ascona Group
2024-07-20 00:04:40,786 - FuelPriceFetcher_ASDA - ERROR - Error saving data for ASDA: name 'unicode' is not defined
2024-07-20 00:04:40,786 - FuelPriceFetcher_ASDA - INFO - Successfully fetched data for ASDA
2024-07-20 00:04:40,949 - FuelPriceFetcher_BP - ERROR - Error saving data for BP: name 'unicode' is not defined
2024-07-20 00:04:40,950 - FuelPriceFetcher_BP - INFO - Successfully fetched data for BP
2024-07-20 00:04:41,082 - FuelPriceFetcher_Esso - ERROR - Error saving data for Esso: name 'unicode' is not defined
2024-07-20 00:04:41,083 - FuelPriceFetcher_Esso - INFO - Successfully fetched data for Esso
2024-07-20 00:04:41,159 - FuelPriceFetcher_JET Retail UK - ERROR - Error saving data for JET Retail UK: name 'unicode' is not defined
2024-07-20 00:04:41,159 - FuelPriceFetcher_JET Retail UK - INFO - Successfully fetched data for JET Retail UK
2024-07-20 00:04:41,292 - FuelPriceFetcher_Morrisons - ERROR - Error saving data for Morrisons: name 'unicode' is not defined
2024-07-20 00:04:41,292 - FuelPriceFetcher_Morrisons - INFO - Successfully fetched data for Morrisons
2024-07-20 00:04:41,438 - FuelPriceFetcher_Moto - ERROR - Error saving data for Moto: name 'unicode' is not defined
2024-07-20 00:04:41,438 - FuelPriceFetcher_Moto - INFO - Successfully fetched data for Moto
2024-07-20 00:04:41,808 - FuelPriceFetcher_Motor Fuel Group - ERROR - Error saving data for Motor Fuel Group: name 'unicode' is not defined
2024-07-20 00:04:41,809 - FuelPriceFetcher_Motor Fuel Group - INFO - Successfully fetched data for Motor Fuel Group
2024-07-20 00:04:45,849 - FuelPriceFetcher_Rontec - ERROR - Error fetching data for Rontec: HTTPSConnectionPool(host='www.rontec-servicestations.co.uk', port=443): Max retries exceeded with url: /fuel-prices/data/fuel_prices_data.json (Caused by NewConnectionError('<urllib3.connection.HTTPSConnection object at 0x10822ec60>: Failed to establish a new connection: [Errno 51] Network is unreachable'))
2024-07-20 00:04:45,972 - FuelPriceFetcher_Sainsburys - ERROR - Error saving data for Sainsburys: name 'unicode' is not defined
2024-07-20 00:04:45,972 - FuelPriceFetcher_Sainsburys - INFO - Successfully fetched data for Sainsburys
2024-07-20 00:04:46,135 - FuelPriceFetcher_SGN - ERROR - Error saving data for SGN: name 'unicode' is not defined
2024-07-20 00:04:46,135 - FuelPriceFetcher_SGN - INFO - Successfully fetched data for SGN
2024-07-20 00:04:46,657 - FuelPriceFetcher_Shell - ERROR - Error saving data for Shell: name 'unicode' is not defined
2024-07-20 00:04:46,657 - FuelPriceFetcher_Shell - INFO - Successfully fetched data for Shell
2024-07-20 00:04:46,843 - FuelPriceFetcher_Tesco - ERROR - Error saving data for Tesco: name 'unicode' is not defined
2024-07-20 00:04:46,843 - FuelPriceFetcher_Tesco - INFO - Successfully fetched data for Tesco
