2024-06-21 08:50:37,259 - FuelPricesAggregator - INFO - Processing data for Applegreen UK
2024-06-21 08:50:37,259 - FuelPricesAggregator - INFO - Fetching data from https://applegreenstores.com/fuel-prices/data.json
2024-06-21 08:50:37,444 - FuelPriceFetcher_Applegreen UK - INFO - Successfully saved data to files/applegreen-uk/applegreen-uk_20_06_2024_08_50_25.json
2024-06-21 08:50:37,444 - FuelPriceFetcher_Applegreen UK - INFO - Successfully fetched data for Applegreen UK
2024-06-21 08:50:37,447 - FuelPriceFetcher_Applegreen UK - INFO - Successfully processed data for Applegreen UK
2024-06-21 08:50:37,450 - FuelPriceFetcher_Applegreen UK - INFO - Successfully processed data for Applegreen UK
2024-06-21 08:50:37,450 - FuelPricesAggregator - INFO - Processing data for Ascona Group
2024-06-21 08:50:37,450 - FuelPricesAggregator - INFO - Fetching data from https://fuelprices.asconagroup.co.uk/newfuel.json
2024-06-21 08:50:37,654 - FuelPriceFetcher_Ascona Group - INFO - Successfully saved data to files/ascona-group/ascona-group_20_06_2024_11_50_11.json
2024-06-21 08:50:37,654 - FuelPriceFetcher_Ascona Group - INFO - Successfully fetched data for Ascona Group
2024-06-21 08:50:37,656 - FuelPriceFetcher_Ascona Group - INFO - Successfully processed data for Ascona Group
2024-06-21 08:50:37,657 - FuelPriceFetcher_Ascona Group - INFO - Successfully processed data for Ascona Group
2024-06-21 08:50:37,657 - FuelPricesAggregator - INFO - Processing data for ASDA
2024-06-21 08:50:37,657 - FuelPricesAggregator - INFO - Fetching data from https://storelocator.asda.com/fuel_prices_data.json
2024-06-21 08:50:37,937 - FuelPriceFetcher_ASDA - INFO - Successfully saved data to files/asda/asda_20_06_2024_00_00_00.json
2024-06-21 08:50:37,937 - FuelPriceFetcher_ASDA - INFO - Successfully fetched data for ASDA
2024-06-21 08:50:37,942 - FuelPriceFetcher_ASDA - INFO - Successfully processed data for ASDA
2024-06-21 08:50:37,943 - FuelPriceFetcher_ASDA - INFO - Successfully processed data for ASDA
2024-06-21 08:50:37,943 - FuelPricesAggregator - INFO - Processing data for BP
2024-06-21 08:50:37,943 - FuelPricesAggregator - INFO - Fetching data from https://www.bp.com/en_gb/united-kingdom/home/fuelprices/fuel_prices_data.json
2024-06-21 08:50:38,192 - FuelPriceFetcher_BP - INFO - Successfully saved data to files/bp/bp_20_06_2024_11_00_05.json
2024-06-21 08:50:38,192 - FuelPriceFetcher_BP - INFO - Successfully fetched data for BP
2024-06-21 08:50:38,196 - FuelPriceFetcher_BP - INFO - Successfully processed data for BP
2024-06-21 08:50:38,196 - FuelPriceFetcher_BP - INFO - Successfully processed data for BP
2024-06-21 08:50:38,196 - FuelPricesAggregator - INFO - Processing data for Esso
2024-06-21 08:50:38,196 - FuelPricesAggregator - INFO - Fetching data from https://fuelprices.esso.co.uk/latestdata.json
2024-06-21 08:50:38,369 - FuelPriceFetcher_Esso - INFO - Successfully saved data to files/esso/esso_21_06_2024_01_05_08.json
2024-06-21 08:50:38,370 - FuelPriceFetcher_Esso - INFO - Successfully fetched data for Esso
2024-06-21 08:50:38,372 - FuelPriceFetcher_Esso - INFO - Successfully processed data for Esso
2024-06-21 08:50:38,373 - FuelPriceFetcher_Esso - INFO - Successfully processed data for Esso
2024-06-21 08:50:38,373 - FuelPricesAggregator - INFO - Processing data for JET Retail UK
2024-06-21 08:50:38,373 - FuelPricesAggregator - INFO - Fetching data from https://jetlocal.co.uk/fuel_prices_data.json
2024-06-21 08:50:38,564 - FuelPriceFetcher_JET Retail UK - INFO - Successfully saved data to files/jet-retail-uk/jet-retail-uk_20_06_2024_10_45_32.json
2024-06-21 08:50:38,565 - FuelPriceFetcher_JET Retail UK - INFO - Successfully fetched data for JET Retail UK
2024-06-21 08:50:38,566 - FuelPriceFetcher_JET Retail UK - INFO - Successfully processed data for JET Retail UK
2024-06-21 08:50:38,567 - FuelPriceFetcher_JET Retail UK - INFO - Successfully processed data for JET Retail UK
2024-06-21 08:50:38,567 - FuelPricesAggregator - INFO - Processing data for Morrisons
2024-06-21 08:50:38,567 - FuelPricesAggregator - INFO - Fetching data from https://www.morrisons.com/fuel-prices/fuel.json
2024-06-21 08:50:38,913 - FuelPriceFetcher_Morrisons - INFO - Successfully saved data to files/morrisons/morrisons_20_06_2024_10_30_16.json
2024-06-21 08:50:38,913 - FuelPriceFetcher_Morrisons - INFO - Successfully fetched data for Morrisons
2024-06-21 08:50:38,916 - FuelPriceFetcher_Morrisons - INFO - Successfully processed data for Morrisons
2024-06-21 08:50:38,917 - FuelPriceFetcher_Morrisons - INFO - Successfully processed data for Morrisons
2024-06-21 08:50:38,917 - FuelPricesAggregator - INFO - Processing data for Moto
2024-06-21 08:50:38,917 - FuelPricesAggregator - INFO - Fetching data from https://moto-way.com/fuel-price/fuel_prices.json
2024-06-21 08:50:39,158 - FuelPriceFetcher_Moto - INFO - Successfully saved data to files/moto/moto_21_06_2024_05_58_01.json
2024-06-21 08:50:39,158 - FuelPriceFetcher_Moto - INFO - Successfully fetched data for Moto
2024-06-21 08:50:39,160 - FuelPriceFetcher_Moto - INFO - Successfully processed data for Moto
2024-06-21 08:50:39,160 - FuelPriceFetcher_Moto - INFO - Successfully processed data for Moto
2024-06-21 08:50:39,160 - FuelPricesAggregator - INFO - Processing data for Motor Fuel Group
2024-06-21 08:50:39,160 - FuelPricesAggregator - INFO - Fetching data from https://fuel.motorfuelgroup.com/fuel_prices_data.json
2024-06-21 08:50:39,750 - FuelPriceFetcher_Motor Fuel Group - INFO - Successfully saved data to files/motor-fuel-group/motor-fuel-group_21_06_2024_00_00_01.json
2024-06-21 08:50:39,750 - FuelPriceFetcher_Motor Fuel Group - INFO - Successfully fetched data for Motor Fuel Group
2024-06-21 08:50:39,758 - FuelPriceFetcher_Motor Fuel Group - INFO - Successfully processed data for Motor Fuel Group
2024-06-21 08:50:39,758 - FuelPriceFetcher_Motor Fuel Group - INFO - Successfully processed data for Motor Fuel Group
2024-06-21 08:50:39,758 - FuelPricesAggregator - INFO - Processing data for Rontec
2024-06-21 08:50:39,758 - FuelPricesAggregator - INFO - Fetching data from https://www.rontec-servicestations.co.uk/fuel-prices/data/fuel_prices_data.json
2024-06-21 08:50:41,381 - FuelPriceFetcher_Rontec - INFO - Successfully saved data to files/rontec/rontec_20_06_2024_10_55_04.json
2024-06-21 08:50:41,382 - FuelPriceFetcher_Rontec - INFO - Successfully fetched data for Rontec
2024-06-21 08:50:41,384 - FuelPriceFetcher_Rontec - INFO - Successfully processed data for Rontec
2024-06-21 08:50:41,385 - FuelPriceFetcher_Rontec - INFO - Successfully processed data for Rontec
2024-06-21 08:50:41,385 - FuelPricesAggregator - INFO - Processing data for Sainsburys
2024-06-21 08:50:41,385 - FuelPricesAggregator - INFO - Fetching data from https://api.sainsburys.co.uk/v1/exports/latest/fuel_prices_data.json
2024-06-21 08:50:41,710 - FuelPriceFetcher_Sainsburys - INFO - Successfully saved data to files/sainsburys/sainsburys_21_06_2024_02_00_28.json
2024-06-21 08:50:41,710 - FuelPriceFetcher_Sainsburys - INFO - Successfully fetched data for Sainsburys
2024-06-21 08:50:41,712 - FuelPriceFetcher_Sainsburys - INFO - Successfully processed data for Sainsburys
2024-06-21 08:50:41,713 - FuelPriceFetcher_Sainsburys - INFO - Successfully processed data for Sainsburys
2024-06-21 08:50:41,713 - FuelPricesAggregator - INFO - Processing data for SGN
2024-06-21 08:50:41,713 - FuelPricesAggregator - INFO - Fetching data from https://www.sgnretail.uk/files/data/SGN_daily_fuel_prices.json
2024-06-21 08:50:42,640 - FuelPriceFetcher_SGN - INFO - Successfully saved data to files/sgn/sgn_20_06_2024_12_09_51.json
2024-06-21 08:50:42,640 - FuelPriceFetcher_SGN - INFO - Successfully fetched data for SGN
2024-06-21 08:50:42,642 - FuelPriceFetcher_SGN - INFO - Successfully processed data for SGN
2024-06-21 08:50:42,643 - FuelPriceFetcher_SGN - INFO - Successfully processed data for SGN
2024-06-21 08:50:42,643 - FuelPricesAggregator - INFO - Processing data for Shell
2024-06-21 08:50:42,643 - FuelPricesAggregator - INFO - Fetching data from https://www.shell.co.uk/fuel-prices-data.html
2024-06-21 08:50:43,449 - FuelPriceFetcher_Shell - INFO - Successfully saved data to files/shell/shell_20_06_2024_00_00_00.json
2024-06-21 08:50:43,449 - FuelPriceFetcher_Shell - INFO - Successfully fetched data for Shell
2024-06-21 08:50:43,453 - FuelPriceFetcher_Shell - INFO - Successfully processed data for Shell
2024-06-21 08:50:43,454 - FuelPriceFetcher_Shell - INFO - Successfully processed data for Shell
2024-06-21 08:50:43,454 - FuelPricesAggregator - INFO - Processing data for Tesco
2024-06-21 08:50:43,454 - FuelPricesAggregator - INFO - Fetching data from https://www.tesco.com/fuel_prices/fuel_prices_data.json
2024-06-21 08:50:43,764 - FuelPriceFetcher_Tesco - INFO - Successfully saved data to files/tesco/tesco_20_06_2024_11_19_26.json
2024-06-21 08:50:43,764 - FuelPriceFetcher_Tesco - INFO - Successfully fetched data for Tesco
2024-06-21 08:50:43,769 - FuelPriceFetcher_Tesco - INFO - Successfully processed data for Tesco
2024-06-21 08:50:43,770 - FuelPriceFetcher_Tesco - INFO - Successfully processed data for Tesco
2024-06-21 08:50:43,788 - FuelPricesAggregator - INFO - Successfully aggregated data from all retailers
2024-06-21 08:51:02,963 - FuelPricesAggregator - INFO - Processing data for Applegreen UK
2024-06-21 08:51:02,963 - FuelPricesAggregator - INFO - Fetching data from https://applegreenstores.com/fuel-prices/data.json
2024-06-21 08:51:03,109 - FuelPriceFetcher_Applegreen UK - INFO - Successfully saved data to files/applegreen-uk/applegreen-uk_20_06_2024_08_50_25.json
2024-06-21 08:51:03,109 - FuelPriceFetcher_Applegreen UK - INFO - Successfully fetched data for Applegreen UK
2024-06-21 08:51:03,111 - FuelPriceFetcher_Applegreen UK - INFO - Successfully processed data for Applegreen UK
2024-06-21 08:51:03,113 - FuelPriceFetcher_Applegreen UK - INFO - Successfully processed data for Applegreen UK
2024-06-21 08:51:03,113 - FuelPricesAggregator - INFO - Processing data for Ascona Group
2024-06-21 08:51:03,113 - FuelPricesAggregator - INFO - Fetching data from https://fuelprices.asconagroup.co.uk/newfuel.json
2024-06-21 08:51:03,487 - FuelPriceFetcher_Ascona Group - INFO - Successfully saved data to files/ascona-group/ascona-group_20_06_2024_11_50_11.json
2024-06-21 08:51:03,487 - FuelPriceFetcher_Ascona Group - INFO - Successfully fetched data for Ascona Group
2024-06-21 08:51:03,488 - FuelPriceFetcher_Ascona Group - INFO - Successfully processed data for Ascona Group
2024-06-21 08:51:03,489 - FuelPriceFetcher_Ascona Group - INFO - Successfully processed data for Ascona Group
2024-06-21 08:51:03,489 - FuelPricesAggregator - INFO - Processing data for ASDA
2024-06-21 08:51:03,489 - FuelPricesAggregator - INFO - Fetching data from https://storelocator.asda.com/fuel_prices_data.json
2024-06-21 08:51:03,784 - FuelPriceFetcher_ASDA - INFO - Successfully saved data to files/asda/asda_20_06_2024_00_00_00.json
2024-06-21 08:51:03,784 - FuelPriceFetcher_ASDA - INFO - Successfully fetched data for ASDA
2024-06-21 08:51:03,789 - FuelPriceFetcher_ASDA - INFO - Successfully processed data for ASDA
2024-06-21 08:51:03,789 - FuelPriceFetcher_ASDA - INFO - Successfully processed data for ASDA
2024-06-21 08:51:03,789 - FuelPricesAggregator - INFO - Processing data for BP
2024-06-21 08:51:03,789 - FuelPricesAggregator - INFO - Fetching data from https://www.bp.com/en_gb/united-kingdom/home/fuelprices/fuel_prices_data.json
2024-06-21 08:51:03,973 - FuelPriceFetcher_BP - INFO - Successfully saved data to files/bp/bp_20_06_2024_11_00_05.json
2024-06-21 08:51:03,973 - FuelPriceFetcher_BP - INFO - Successfully fetched data for BP
2024-06-21 08:51:03,977 - FuelPriceFetcher_BP - INFO - Successfully processed data for BP
2024-06-21 08:51:03,977 - FuelPriceFetcher_BP - INFO - Successfully processed data for BP
2024-06-21 08:51:03,977 - FuelPricesAggregator - INFO - Processing data for Esso
2024-06-21 08:51:03,977 - FuelPricesAggregator - INFO - Fetching data from https://fuelprices.esso.co.uk/latestdata.json
2024-06-21 08:51:04,105 - FuelPriceFetcher_Esso - INFO - Successfully saved data to files/esso/esso_21_06_2024_01_05_08.json
2024-06-21 08:51:04,105 - FuelPriceFetcher_Esso - INFO - Successfully fetched data for Esso
2024-06-21 08:51:04,108 - FuelPriceFetcher_Esso - INFO - Successfully processed data for Esso
2024-06-21 08:51:04,109 - FuelPriceFetcher_Esso - INFO - Successfully processed data for Esso
2024-06-21 08:51:04,109 - FuelPricesAggregator - INFO - Processing data for JET Retail UK
2024-06-21 08:51:04,109 - FuelPricesAggregator - INFO - Fetching data from https://jetlocal.co.uk/fuel_prices_data.json
2024-06-21 08:51:04,284 - FuelPriceFetcher_JET Retail UK - INFO - Successfully saved data to files/jet-retail-uk/jet-retail-uk_20_06_2024_10_45_32.json
2024-06-21 08:51:04,284 - FuelPriceFetcher_JET Retail UK - INFO - Successfully fetched data for JET Retail UK
2024-06-21 08:51:04,285 - FuelPriceFetcher_JET Retail UK - INFO - Successfully processed data for JET Retail UK
2024-06-21 08:51:04,287 - FuelPriceFetcher_JET Retail UK - INFO - Successfully processed data for JET Retail UK
2024-06-21 08:51:04,287 - FuelPricesAggregator - INFO - Processing data for Morrisons
2024-06-21 08:51:04,287 - FuelPricesAggregator - INFO - Fetching data from https://www.morrisons.com/fuel-prices/fuel.json
2024-06-21 08:51:04,604 - FuelPriceFetcher_Morrisons - INFO - Successfully saved data to files/morrisons/morrisons_20_06_2024_10_30_16.json
2024-06-21 08:51:04,604 - FuelPriceFetcher_Morrisons - INFO - Successfully fetched data for Morrisons
2024-06-21 08:51:04,607 - FuelPriceFetcher_Morrisons - INFO - Successfully processed data for Morrisons
2024-06-21 08:51:04,608 - FuelPriceFetcher_Morrisons - INFO - Successfully processed data for Morrisons
2024-06-21 08:51:04,608 - FuelPricesAggregator - INFO - Processing data for Moto
2024-06-21 08:51:04,608 - FuelPricesAggregator - INFO - Fetching data from https://moto-way.com/fuel-price/fuel_prices.json
2024-06-21 08:51:04,857 - FuelPriceFetcher_Moto - INFO - Successfully saved data to files/moto/moto_21_06_2024_05_58_01.json
2024-06-21 08:51:04,857 - FuelPriceFetcher_Moto - INFO - Successfully fetched data for Moto
2024-06-21 08:51:04,859 - FuelPriceFetcher_Moto - INFO - Successfully processed data for Moto
2024-06-21 08:51:04,860 - FuelPriceFetcher_Moto - INFO - Successfully processed data for Moto
2024-06-21 08:51:04,860 - FuelPricesAggregator - INFO - Processing data for Motor Fuel Group
2024-06-21 08:51:04,860 - FuelPricesAggregator - INFO - Fetching data from https://fuel.motorfuelgroup.com/fuel_prices_data.json
2024-06-21 08:51:05,467 - FuelPriceFetcher_Motor Fuel Group - INFO - Successfully saved data to files/motor-fuel-group/motor-fuel-group_21_06_2024_00_00_01.json
2024-06-21 08:51:05,467 - FuelPriceFetcher_Motor Fuel Group - INFO - Successfully fetched data for Motor Fuel Group
2024-06-21 08:51:05,475 - FuelPriceFetcher_Motor Fuel Group - INFO - Successfully processed data for Motor Fuel Group
2024-06-21 08:51:05,475 - FuelPriceFetcher_Motor Fuel Group - INFO - Successfully processed data for Motor Fuel Group
2024-06-21 08:51:05,475 - FuelPricesAggregator - INFO - Processing data for Rontec
2024-06-21 08:51:05,475 - FuelPricesAggregator - INFO - Fetching data from https://www.rontec-servicestations.co.uk/fuel-prices/data/fuel_prices_data.json
2024-06-21 08:51:07,553 - FuelPriceFetcher_Rontec - INFO - Successfully saved data to files/rontec/rontec_20_06_2024_10_55_04.json
2024-06-21 08:51:07,553 - FuelPriceFetcher_Rontec - INFO - Successfully fetched data for Rontec
2024-06-21 08:51:07,556 - FuelPriceFetcher_Rontec - INFO - Successfully processed data for Rontec
2024-06-21 08:51:07,557 - FuelPriceFetcher_Rontec - INFO - Successfully processed data for Rontec
2024-06-21 08:51:07,557 - FuelPricesAggregator - INFO - Processing data for Sainsburys
2024-06-21 08:51:07,557 - FuelPricesAggregator - INFO - Fetching data from https://api.sainsburys.co.uk/v1/exports/latest/fuel_prices_data.json
2024-06-21 08:51:07,765 - FuelPriceFetcher_Sainsburys - INFO - Successfully saved data to files/sainsburys/sainsburys_21_06_2024_02_00_28.json
2024-06-21 08:51:07,765 - FuelPriceFetcher_Sainsburys - INFO - Successfully fetched data for Sainsburys
2024-06-21 08:51:07,769 - FuelPriceFetcher_Sainsburys - INFO - Successfully processed data for Sainsburys
2024-06-21 08:51:07,770 - FuelPriceFetcher_Sainsburys - INFO - Successfully processed data for Sainsburys
2024-06-21 08:51:07,770 - FuelPricesAggregator - INFO - Processing data for SGN
2024-06-21 08:51:07,770 - FuelPricesAggregator - INFO - Fetching data from https://www.sgnretail.uk/files/data/SGN_daily_fuel_prices.json
2024-06-21 08:51:08,866 - FuelPriceFetcher_SGN - INFO - Successfully saved data to files/sgn/sgn_20_06_2024_12_09_51.json
2024-06-21 08:51:08,867 - FuelPriceFetcher_SGN - INFO - Successfully fetched data for SGN
2024-06-21 08:51:08,869 - FuelPriceFetcher_SGN - INFO - Successfully processed data for SGN
2024-06-21 08:51:08,870 - FuelPriceFetcher_SGN - INFO - Successfully processed data for SGN
2024-06-21 08:51:08,870 - FuelPricesAggregator - INFO - Processing data for Shell
2024-06-21 08:51:08,870 - FuelPricesAggregator - INFO - Fetching data from https://www.shell.co.uk/fuel-prices-data.html
2024-06-21 08:51:09,634 - FuelPriceFetcher_Shell - INFO - Successfully saved data to files/shell/shell_20_06_2024_00_00_00.json
2024-06-21 08:51:09,634 - FuelPriceFetcher_Shell - INFO - Successfully fetched data for Shell
2024-06-21 08:51:09,638 - FuelPriceFetcher_Shell - INFO - Successfully processed data for Shell
2024-06-21 08:51:09,639 - FuelPriceFetcher_Shell - INFO - Successfully processed data for Shell
2024-06-21 08:51:09,639 - FuelPricesAggregator - INFO - Processing data for Tesco
2024-06-21 08:51:09,639 - FuelPricesAggregator - INFO - Fetching data from https://www.tesco.com/fuel_prices/fuel_prices_data.json
2024-06-21 08:51:09,948 - FuelPriceFetcher_Tesco - INFO - Successfully saved data to files/tesco/tesco_20_06_2024_11_19_26.json
2024-06-21 08:51:09,949 - FuelPriceFetcher_Tesco - INFO - Successfully fetched data for Tesco
2024-06-21 08:51:09,953 - FuelPriceFetcher_Tesco - INFO - Successfully processed data for Tesco
2024-06-21 08:51:09,954 - FuelPriceFetcher_Tesco - INFO - Successfully processed data for Tesco
2024-06-21 08:51:09,965 - FuelPricesAggregator - INFO - Successfully aggregated data from all retailers
2024-06-21 08:52:38,074 - FuelPricesAggregator - INFO - Processing data for Applegreen UK
2024-06-21 08:52:38,074 - FuelPricesAggregator - INFO - Fetching data from https://applegreenstores.com/fuel-prices/data.json
2024-06-21 08:52:38,241 - FuelPriceFetcher_Applegreen UK - INFO - Successfully saved data to files/applegreen-uk/applegreen-uk_20_06_2024_08_50_25.json
2024-06-21 08:52:38,241 - FuelPriceFetcher_Applegreen UK - INFO - Successfully fetched data for Applegreen UK
2024-06-21 08:52:38,247 - FuelPriceFetcher_Applegreen UK - INFO - Successfully processed data for Applegreen UK
2024-06-21 08:52:38,247 - FuelPricesAggregator - INFO - Processing data for Ascona Group
2024-06-21 08:52:38,247 - FuelPricesAggregator - INFO - Fetching data from https://fuelprices.asconagroup.co.uk/newfuel.json
2024-06-21 08:52:38,457 - FuelPriceFetcher_Ascona Group - INFO - Successfully saved data to files/ascona-group/ascona-group_20_06_2024_11_50_11.json
2024-06-21 08:52:38,458 - FuelPriceFetcher_Ascona Group - INFO - Successfully fetched data for Ascona Group
2024-06-21 08:52:38,460 - FuelPriceFetcher_Ascona Group - INFO - Successfully processed data for Ascona Group
2024-06-21 08:52:38,460 - FuelPricesAggregator - INFO - Processing data for ASDA
2024-06-21 08:52:38,460 - FuelPricesAggregator - INFO - Fetching data from https://storelocator.asda.com/fuel_prices_data.json
2024-06-21 08:52:38,759 - FuelPriceFetcher_ASDA - INFO - Successfully saved data to files/asda/asda_20_06_2024_00_00_00.json
2024-06-21 08:52:38,759 - FuelPriceFetcher_ASDA - INFO - Successfully fetched data for ASDA
2024-06-21 08:52:38,763 - FuelPriceFetcher_ASDA - INFO - Successfully processed data for ASDA
2024-06-21 08:52:38,763 - FuelPricesAggregator - INFO - Processing data for BP
2024-06-21 08:52:38,763 - FuelPricesAggregator - INFO - Fetching data from https://www.bp.com/en_gb/united-kingdom/home/fuelprices/fuel_prices_data.json
2024-06-21 08:52:39,326 - FuelPriceFetcher_BP - INFO - Successfully saved data to files/bp/bp_20_06_2024_11_00_05.json
2024-06-21 08:52:39,326 - FuelPriceFetcher_BP - INFO - Successfully fetched data for BP
2024-06-21 08:52:39,331 - FuelPriceFetcher_BP - INFO - Successfully processed data for BP
2024-06-21 08:52:39,331 - FuelPricesAggregator - INFO - Processing data for Esso
2024-06-21 08:52:39,331 - FuelPricesAggregator - INFO - Fetching data from https://fuelprices.esso.co.uk/latestdata.json
2024-06-21 08:52:39,514 - FuelPriceFetcher_Esso - INFO - Successfully saved data to files/esso/esso_21_06_2024_01_05_08.json
2024-06-21 08:52:39,514 - FuelPriceFetcher_Esso - INFO - Successfully fetched data for Esso
2024-06-21 08:52:39,517 - FuelPriceFetcher_Esso - INFO - Successfully processed data for Esso
2024-06-21 08:52:39,517 - FuelPricesAggregator - INFO - Processing data for JET Retail UK
2024-06-21 08:52:39,517 - FuelPricesAggregator - INFO - Fetching data from https://jetlocal.co.uk/fuel_prices_data.json
2024-06-21 08:52:39,687 - FuelPriceFetcher_JET Retail UK - INFO - Successfully saved data to files/jet-retail-uk/jet-retail-uk_20_06_2024_10_45_32.json
2024-06-21 08:52:39,687 - FuelPriceFetcher_JET Retail UK - INFO - Successfully fetched data for JET Retail UK
2024-06-21 08:52:39,689 - FuelPriceFetcher_JET Retail UK - INFO - Successfully processed data for JET Retail UK
2024-06-21 08:52:39,689 - FuelPricesAggregator - INFO - Processing data for Morrisons
2024-06-21 08:52:39,689 - FuelPricesAggregator - INFO - Fetching data from https://www.morrisons.com/fuel-prices/fuel.json
2024-06-21 08:52:40,094 - FuelPriceFetcher_Morrisons - INFO - Successfully saved data to files/morrisons/morrisons_20_06_2024_10_30_16.json
2024-06-21 08:52:40,094 - FuelPriceFetcher_Morrisons - INFO - Successfully fetched data for Morrisons
2024-06-21 08:52:40,097 - FuelPriceFetcher_Morrisons - INFO - Successfully processed data for Morrisons
2024-06-21 08:52:40,098 - FuelPricesAggregator - INFO - Processing data for Moto
2024-06-21 08:52:40,098 - FuelPricesAggregator - INFO - Fetching data from https://moto-way.com/fuel-price/fuel_prices.json
2024-06-21 08:52:40,335 - FuelPriceFetcher_Moto - INFO - Successfully saved data to files/moto/moto_21_06_2024_05_58_01.json
2024-06-21 08:52:40,335 - FuelPriceFetcher_Moto - INFO - Successfully fetched data for Moto
2024-06-21 08:52:40,337 - FuelPriceFetcher_Moto - INFO - Successfully processed data for Moto
2024-06-21 08:52:40,337 - FuelPricesAggregator - INFO - Processing data for Motor Fuel Group
2024-06-21 08:52:40,337 - FuelPricesAggregator - INFO - Fetching data from https://fuel.motorfuelgroup.com/fuel_prices_data.json
2024-06-21 08:52:40,959 - FuelPriceFetcher_Motor Fuel Group - INFO - Successfully saved data to files/motor-fuel-group/motor-fuel-group_21_06_2024_00_00_01.json
2024-06-21 08:52:40,959 - FuelPriceFetcher_Motor Fuel Group - INFO - Successfully fetched data for Motor Fuel Group
2024-06-21 08:52:40,967 - FuelPriceFetcher_Motor Fuel Group - INFO - Successfully processed data for Motor Fuel Group
2024-06-21 08:52:40,967 - FuelPricesAggregator - INFO - Processing data for Rontec
2024-06-21 08:52:40,967 - FuelPricesAggregator - INFO - Fetching data from https://www.rontec-servicestations.co.uk/fuel-prices/data/fuel_prices_data.json
2024-06-21 08:52:42,089 - FuelPriceFetcher_Rontec - INFO - Successfully saved data to files/rontec/rontec_20_06_2024_10_55_04.json
2024-06-21 08:52:42,089 - FuelPriceFetcher_Rontec - INFO - Successfully fetched data for Rontec
2024-06-21 08:52:42,092 - FuelPriceFetcher_Rontec - INFO - Successfully processed data for Rontec
2024-06-21 08:52:42,092 - FuelPricesAggregator - INFO - Processing data for Sainsburys
2024-06-21 08:52:42,092 - FuelPricesAggregator - INFO - Fetching data from https://api.sainsburys.co.uk/v1/exports/latest/fuel_prices_data.json
2024-06-21 08:52:42,381 - FuelPriceFetcher_Sainsburys - INFO - Successfully saved data to files/sainsburys/sainsburys_21_06_2024_02_00_28.json
2024-06-21 08:52:42,381 - FuelPriceFetcher_Sainsburys - INFO - Successfully fetched data for Sainsburys
2024-06-21 08:52:42,385 - FuelPriceFetcher_Sainsburys - INFO - Successfully processed data for Sainsburys
2024-06-21 08:52:42,385 - FuelPricesAggregator - INFO - Processing data for SGN
2024-06-21 08:52:42,385 - FuelPricesAggregator - INFO - Fetching data from https://www.sgnretail.uk/files/data/SGN_daily_fuel_prices.json
2024-06-21 08:52:43,309 - FuelPriceFetcher_SGN - INFO - Successfully saved data to files/sgn/sgn_20_06_2024_12_09_51.json
2024-06-21 08:52:43,309 - FuelPriceFetcher_SGN - INFO - Successfully fetched data for SGN
2024-06-21 08:52:43,312 - FuelPriceFetcher_SGN - INFO - Successfully processed data for SGN
2024-06-21 08:52:43,312 - FuelPricesAggregator - INFO - Processing data for Shell
2024-06-21 08:52:43,312 - FuelPricesAggregator - INFO - Fetching data from https://www.shell.co.uk/fuel-prices-data.html
2024-06-21 08:52:44,423 - FuelPriceFetcher_Shell - INFO - Successfully saved data to files/shell/shell_20_06_2024_00_00_00.json
2024-06-21 08:52:44,423 - FuelPriceFetcher_Shell - INFO - Successfully fetched data for Shell
2024-06-21 08:52:44,427 - FuelPriceFetcher_Shell - INFO - Successfully processed data for Shell
2024-06-21 08:52:44,428 - FuelPricesAggregator - INFO - Processing data for Tesco
2024-06-21 08:52:44,428 - FuelPricesAggregator - INFO - Fetching data from https://www.tesco.com/fuel_prices/fuel_prices_data.json
2024-06-21 08:52:44,799 - FuelPriceFetcher_Tesco - INFO - Successfully saved data to files/tesco/tesco_20_06_2024_11_19_26.json
2024-06-21 08:52:44,799 - FuelPriceFetcher_Tesco - INFO - Successfully fetched data for Tesco
2024-06-21 08:52:44,804 - FuelPriceFetcher_Tesco - INFO - Successfully processed data for Tesco
2024-06-21 08:52:44,815 - FuelPricesAggregator - INFO - Successfully aggregated data from all retailers
2024-06-21 08:55:26,305 - FuelPricesAggregator - INFO - Processing data for Applegreen UK
2024-06-21 08:55:26,306 - FuelPricesAggregator - INFO - Fetching data from https://applegreenstores.com/fuel-prices/data.json
2024-06-21 08:55:26,479 - FuelPriceFetcher_Applegreen UK - INFO - Successfully saved data to files/applegreen-uk/applegreen-uk_20_06_2024_08_50_25.json
2024-06-21 08:55:26,479 - FuelPriceFetcher_Applegreen UK - INFO - Successfully fetched data for Applegreen UK
2024-06-21 08:55:26,485 - FuelPriceFetcher_Applegreen UK - INFO - Successfully processed data for Applegreen UK
2024-06-21 08:55:26,485 - FuelPricesAggregator - INFO - Processing data for Ascona Group
2024-06-21 08:55:26,485 - FuelPricesAggregator - INFO - Fetching data from https://fuelprices.asconagroup.co.uk/newfuel.json
2024-06-21 08:55:27,125 - FuelPriceFetcher_Ascona Group - INFO - Successfully saved data to files/ascona-group/ascona-group_20_06_2024_11_50_11.json
2024-06-21 08:55:27,125 - FuelPriceFetcher_Ascona Group - INFO - Successfully fetched data for Ascona Group
2024-06-21 08:55:27,128 - FuelPriceFetcher_Ascona Group - INFO - Successfully processed data for Ascona Group
2024-06-21 08:55:27,128 - FuelPricesAggregator - INFO - Processing data for ASDA
2024-06-21 08:55:27,128 - FuelPricesAggregator - INFO - Fetching data from https://storelocator.asda.com/fuel_prices_data.json
2024-06-21 08:55:27,470 - FuelPriceFetcher_ASDA - INFO - Successfully saved data to files/asda/asda_20_06_2024_00_00_00.json
2024-06-21 08:55:27,470 - FuelPriceFetcher_ASDA - INFO - Successfully fetched data for ASDA
2024-06-21 08:55:27,476 - FuelPriceFetcher_ASDA - INFO - Successfully processed data for ASDA
2024-06-21 08:55:27,476 - FuelPricesAggregator - INFO - Processing data for BP
2024-06-21 08:55:27,476 - FuelPricesAggregator - INFO - Fetching data from https://www.bp.com/en_gb/united-kingdom/home/fuelprices/fuel_prices_data.json
2024-06-21 08:55:27,718 - FuelPriceFetcher_BP - INFO - Successfully saved data to files/bp/bp_20_06_2024_11_00_05.json
2024-06-21 08:55:27,718 - FuelPriceFetcher_BP - INFO - Successfully fetched data for BP
2024-06-21 08:55:27,722 - FuelPriceFetcher_BP - INFO - Successfully processed data for BP
2024-06-21 08:55:27,722 - FuelPricesAggregator - INFO - Processing data for Esso
2024-06-21 08:55:27,722 - FuelPricesAggregator - INFO - Fetching data from https://fuelprices.esso.co.uk/latestdata.json
2024-06-21 08:55:27,883 - FuelPriceFetcher_Esso - INFO - Successfully saved data to files/esso/esso_21_06_2024_01_05_08.json
2024-06-21 08:55:27,883 - FuelPriceFetcher_Esso - INFO - Successfully fetched data for Esso
2024-06-21 08:55:27,886 - FuelPriceFetcher_Esso - INFO - Successfully processed data for Esso
2024-06-21 08:55:27,886 - FuelPricesAggregator - INFO - Processing data for JET Retail UK
2024-06-21 08:55:27,886 - FuelPricesAggregator - INFO - Fetching data from https://jetlocal.co.uk/fuel_prices_data.json
2024-06-21 08:55:28,079 - FuelPriceFetcher_JET Retail UK - INFO - Successfully saved data to files/jet-retail-uk/jet-retail-uk_20_06_2024_10_45_32.json
2024-06-21 08:55:28,079 - FuelPriceFetcher_JET Retail UK - INFO - Successfully fetched data for JET Retail UK
2024-06-21 08:55:28,082 - FuelPriceFetcher_JET Retail UK - INFO - Successfully processed data for JET Retail UK
2024-06-21 08:55:28,082 - FuelPricesAggregator - INFO - Processing data for Morrisons
2024-06-21 08:55:28,082 - FuelPricesAggregator - INFO - Fetching data from https://www.morrisons.com/fuel-prices/fuel.json
2024-06-21 08:55:28,488 - FuelPriceFetcher_Morrisons - INFO - Successfully saved data to files/morrisons/morrisons_20_06_2024_10_30_16.json
2024-06-21 08:55:28,488 - FuelPriceFetcher_Morrisons - INFO - Successfully fetched data for Morrisons
2024-06-21 08:55:28,492 - FuelPriceFetcher_Morrisons - INFO - Successfully processed data for Morrisons
2024-06-21 08:55:28,492 - FuelPricesAggregator - INFO - Processing data for Moto
2024-06-21 08:55:28,492 - FuelPricesAggregator - INFO - Fetching data from https://moto-way.com/fuel-price/fuel_prices.json
2024-06-21 08:55:28,786 - FuelPriceFetcher_Moto - INFO - Successfully saved data to files/moto/moto_21_06_2024_05_58_01.json
2024-06-21 08:55:28,786 - FuelPriceFetcher_Moto - INFO - Successfully fetched data for Moto
2024-06-21 08:55:28,789 - FuelPriceFetcher_Moto - INFO - Successfully processed data for Moto
2024-06-21 08:55:28,789 - FuelPricesAggregator - INFO - Processing data for Motor Fuel Group
2024-06-21 08:55:28,789 - FuelPricesAggregator - INFO - Fetching data from https://fuel.motorfuelgroup.com/fuel_prices_data.json
2024-06-21 08:55:29,406 - FuelPriceFetcher_Motor Fuel Group - INFO - Successfully saved data to files/motor-fuel-group/motor-fuel-group_21_06_2024_00_00_01.json
2024-06-21 08:55:29,407 - FuelPriceFetcher_Motor Fuel Group - INFO - Successfully fetched data for Motor Fuel Group
2024-06-21 08:55:29,414 - FuelPriceFetcher_Motor Fuel Group - INFO - Successfully processed data for Motor Fuel Group
2024-06-21 08:55:29,414 - FuelPricesAggregator - INFO - Processing data for Rontec
2024-06-21 08:55:29,414 - FuelPricesAggregator - INFO - Fetching data from https://www.rontec-servicestations.co.uk/fuel-prices/data/fuel_prices_data.json
2024-06-21 08:55:29,933 - FuelPriceFetcher_Rontec - INFO - Successfully saved data to files/rontec/rontec_20_06_2024_10_55_04.json
2024-06-21 08:55:29,933 - FuelPriceFetcher_Rontec - INFO - Successfully fetched data for Rontec
2024-06-21 08:55:29,937 - FuelPriceFetcher_Rontec - INFO - Successfully processed data for Rontec
2024-06-21 08:55:29,937 - FuelPricesAggregator - INFO - Processing data for Sainsburys
2024-06-21 08:55:29,937 - FuelPricesAggregator - INFO - Fetching data from https://api.sainsburys.co.uk/v1/exports/latest/fuel_prices_data.json
2024-06-21 08:55:30,194 - FuelPriceFetcher_Sainsburys - INFO - Successfully saved data to files/sainsburys/sainsburys_21_06_2024_02_00_28.json
2024-06-21 08:55:30,194 - FuelPriceFetcher_Sainsburys - INFO - Successfully fetched data for Sainsburys
2024-06-21 08:55:30,196 - FuelPriceFetcher_Sainsburys - INFO - Successfully processed data for Sainsburys
2024-06-21 08:55:30,196 - FuelPricesAggregator - INFO - Processing data for SGN
2024-06-21 08:55:30,196 - FuelPricesAggregator - INFO - Fetching data from https://www.sgnretail.uk/files/data/SGN_daily_fuel_prices.json
2024-06-21 08:55:31,135 - FuelPriceFetcher_SGN - INFO - Successfully saved data to files/sgn/sgn_20_06_2024_12_09_51.json
2024-06-21 08:55:31,135 - FuelPriceFetcher_SGN - INFO - Successfully fetched data for SGN
2024-06-21 08:55:31,138 - FuelPriceFetcher_SGN - INFO - Successfully processed data for SGN
2024-06-21 08:55:31,138 - FuelPricesAggregator - INFO - Processing data for Shell
2024-06-21 08:55:31,138 - FuelPricesAggregator - INFO - Fetching data from https://www.shell.co.uk/fuel-prices-data.html
2024-06-21 08:55:32,140 - FuelPriceFetcher_Shell - INFO - Successfully saved data to files/shell/shell_20_06_2024_00_00_00.json
2024-06-21 08:55:32,140 - FuelPriceFetcher_Shell - INFO - Successfully fetched data for Shell
2024-06-21 08:55:32,145 - FuelPriceFetcher_Shell - INFO - Successfully processed data for Shell
2024-06-21 08:55:32,145 - FuelPricesAggregator - INFO - Processing data for Tesco
2024-06-21 08:55:32,145 - FuelPricesAggregator - INFO - Fetching data from https://www.tesco.com/fuel_prices/fuel_prices_data.json
2024-06-21 08:55:32,594 - FuelPriceFetcher_Tesco - INFO - Successfully saved data to files/tesco/tesco_20_06_2024_11_19_26.json
2024-06-21 08:55:32,594 - FuelPriceFetcher_Tesco - INFO - Successfully fetched data for Tesco
2024-06-21 08:55:32,598 - FuelPriceFetcher_Tesco - INFO - Successfully processed data for Tesco
2024-06-21 08:55:32,609 - FuelPricesAggregator - INFO - Successfully aggregated data from all retailers
